<?xml version="1.0" encoding="UTF-8"?>
<testsuite name="com.example.calculator.CalculatorTest" tests="1" skipped="0" failures="0" errors="0" timestamp="2019-10-02T08:02:30" hostname="ip-172-31-41-189" time="0.001">
  <properties/>
  <testcase name="testSum" classname="com.example.calculator.CalculatorTest" time="0.001"/>
  <system-out><![CDATA[]]></system-out>
  <system-err><![CDATA[]]></system-err>
</testsuite>
